<?xml version="1.0" encoding="UTF-8"?>
<!-- Generated by org.testng.reporters.JUnitXMLReporter -->
<testsuite ignored="0" hostname="LAPTOP-5T1CRN9L" failures="0" tests="3" name="MyStoreTC" time="29.445" errors="0" timestamp="2024-06-23T18:21:42 IST">
  <testcase classname="FanflixTests.FanflixWorkflowTest" name="verifyLoginPage" time="0.865"/>
  <testcase classname="FanflixTests.FanflixWorkflowTest" name="UploadFile" time="14.547"/>
  <testcase classname="FanflixTests.FanflixWorkflowTest" name="UploadPost" time="7.382"/>
</testsuite> <!-- MyStoreTC -->
