<?xml version="1.0" encoding="UTF-8"?>
<!-- Generated by org.testng.reporters.JUnitXMLReporter -->
<testsuite ignored="0" hostname="PSDLAP027" failures="0" tests="7" name="Test1" time="66.504" errors="0" timestamp="2021-05-31T08:35:16 IST">
  <testcase classname="EcommerceWebsite.EcomWebTesting.MyStoreApplicationTC" name="VerifyHomePage" time="0.144"/>
  <testcase classname="EcommerceWebsite.EcomWebTesting.MyStoreApplicationTC" name="SearchandFilterDresses" time="11.038"/>
  <testcase classname="EcommerceWebsite.EcomWebTesting.MyStoreApplicationTC" name="AddtoCart" time="14.618"/>
  <testcase classname="EcommerceWebsite.EcomWebTesting.MyStoreApplicationTC" name="NewAccountCreation" time="7.885"/>
  <testcase classname="EcommerceWebsite.EcomWebTesting.MyStoreApplicationTC" name="UpdateAddessandPersonalDetails" time="7.133"/>
  <testcase classname="EcommerceWebsite.EcomWebTesting.MyStoreApplicationTC" name="BuyProduct" time="7.17"/>
  <testcase classname="EcommerceWebsite.EcomWebTesting.MyStoreApplicationTC" name="ManageWishLists" time="6.79"/>
</testsuite> <!-- Test1 -->
